c:\users\1292313178\downloads\vendadelivros1.0\venda de livros\x64\debug\vc143.pdb
c:\users\1292313178\downloads\vendadelivros1.0\venda de livros\x64\debug\vc143.idb
c:\users\1292313178\downloads\vendadelivros1.0\venda de livros\x64\debug\main.obj
c:\users\1292313178\downloads\vendadelivros1.0\venda de livros\x64\debug\utils.obj
c:\users\1292313178\downloads\vendadelivros1.0\venda de livros\x64\debug\user.obj
c:\users\1292313178\downloads\vendadelivros1.0\venda de livros\x64\debug\message.obj
c:\users\1292313178\downloads\vendadelivros1.0\venda de livros\x64\debug\date.obj
c:\users\1292313178\downloads\vendadelivros1.0\venda de livros\x64\debug\custumer.obj
c:\users\1292313178\downloads\vendadelivros1.0\venda de livros\x64\debug\complaint.obj
c:\users\1292313178\downloads\vendadelivros1.0\venda de livros\x64\debug\book.obj
c:\users\1292313178\downloads\vendadelivros1.0\venda de livros\x64\debug\app.obj
c:\users\1292313178\downloads\vendadelivros1.0\venda de livros\x64\debug\seller.obj
c:\users\1292313178\downloads\vendadelivros1.0\x64\debug\venda de livros.exe
c:\users\1292313178\downloads\vendadelivros1.0\venda de livros\x64\debug\venda de livros.ilk
c:\users\1292313178\downloads\vendadelivros1.0\x64\debug\venda de livros.pdb
c:\users\1292313178\downloads\vendadelivros1.0\venda de livros\x64\debug\venda de livros.obj
c:\users\1292313178\downloads\vendadelivros1.0\venda de livros\x64\debug\app.obj.enc
c:\users\1292313178\downloads\vendadelivros1.0\venda de livros\x64\debug\message.obj.enc
c:\users\1292313178\downloads\vendadelivros1.0\venda de livros\x64\debug\seller.obj.enc
c:\users\1292313178\downloads\vendadelivros1.0\venda de livros\x64\debug\utils.obj.enc
c:\users\1292313178\downloads\vendadelivros1.0\venda de livros\x64\debug\venda de livros.tlog\cl.command.1.tlog
c:\users\1292313178\downloads\vendadelivros1.0\venda de livros\x64\debug\venda de livros.tlog\cl.items.tlog
c:\users\1292313178\downloads\vendadelivros1.0\venda de livros\x64\debug\venda de livros.tlog\cl.read.1.tlog
c:\users\1292313178\downloads\vendadelivros1.0\venda de livros\x64\debug\venda de livros.tlog\cl.write.1.tlog
c:\users\1292313178\downloads\vendadelivros1.0\venda de livros\x64\debug\venda de livros.tlog\link.command.1.tlog
c:\users\1292313178\downloads\vendadelivros1.0\venda de livros\x64\debug\venda de livros.tlog\link.read.1.tlog
c:\users\1292313178\downloads\vendadelivros1.0\venda de livros\x64\debug\venda de livros.tlog\link.write.1.tlog
